# JRE version: OpenJDK Runtime Environment Temurin-11.0.14.1+1 (11.0.14.1+1) (build 11.0.14.1+1)
# Java VM: OpenJDK 64-Bit Server VM Temurin-11.0.14.1+1 (11.0.14.1+1, mixed mode, tiered, compressed oops, g1 gc, windows-amd64)
Heap:
 garbage-first heap   total 124928K, used 33483K [0x00000000a0c00000, 0x0000000100000000)
  region size 1024K, 17 young (17408K), 6 survivors (6144K)
 Metaspace       used 26619K, capacity 26938K, committed 27264K, reserved 1073152K
  class space    used 2981K, capacity 3092K, committed 3200K, reserved 1048576K
GC Heap History (12 events):
Event: 0.624 GC heap before
{Heap before GC invocations=0 (full 0):
 garbage-first heap   total 98304K, used 14336K [0x00000000a0c00000, 0x0000000100000000)
  region size 1024K, 14 young (14336K), 0 survivors (0K)
 Metaspace       used 8196K, capacity 8321K, committed 8448K, reserved 1056768K
  class space    used 695K, capacity 722K, committed 768K, reserved 1048576K
}
Event: 0.633 GC heap after
{Heap after GC invocations=1 (full 0):
 garbage-first heap   total 98304K, used 4852K [0x00000000a0c00000, 0x0000000100000000)
  region size 1024K, 2 young (2048K), 2 survivors (2048K)
 Metaspace       used 8196K, capacity 8321K, committed 8448K, reserved 1056768K
  class space    used 695K, capacity 722K, committed 768K, reserved 1048576K
}
Event: 1.064 GC heap before
{Heap before GC invocations=1 (full 0):
 garbage-first heap   total 98304K, used 16116K [0x00000000a0c00000, 0x0000000100000000)
  region size 1024K, 14 young (14336K), 2 survivors (2048K)
 Metaspace       used 9941K, capacity 10044K, committed 10240K, reserved 1058816K
  class space    used 904K, capacity 960K, committed 1024K, reserved 1048576K
}
Event: 1.073 GC heap after
{Heap after GC invocations=2 (full 0):
 garbage-first heap   total 98304K, used 8306K [0x00000000a0c00000, 0x0000000100000000)
  region size 1024K, 2 young (2048K), 2 survivors (2048K)
 Metaspace       used 9941K, capacity 10044K, committed 10240K, reserved 1058816K
  class space    used 904K, capacity 960K, committed 1024K, reserved 1048576K
}
Event: 1.802 GC heap before
{Heap before GC invocations=2 (full 0):
 garbage-first heap   total 98304K, used 34930K [0x00000000a0c00000, 0x0000000100000000)
  region size 1024K, 27 young (27648K), 2 survivors (2048K)
 Metaspace       used 13337K, capacity 13505K, committed 13696K, reserved 1060864K
  class space    used 1335K, capacity 1387K, committed 1408K, reserved 1048576K
}
Event: 1.816 GC heap after
{Heap after GC invocations=3 (full 0):
 garbage-first heap   total 98304K, used 14758K [0x00000000a0c00000, 0x0000000100000000)
  region size 1024K, 4 young (4096K), 4 survivors (4096K)
 Metaspace       used 13337K, capacity 13505K, committed 13696K, reserved 1060864K
  class space    used 1335K, capacity 1387K, committed 1408K, reserved 1048576K
}
Event: 2.621 GC heap before
{Heap before GC invocations=3 (full 0):
 garbage-first heap   total 98304K, used 49574K [0x00000000a0c00000, 0x0000000100000000)
  region size 1024K, 35 young (35840K), 4 survivors (4096K)
 Metaspace       used 17652K, capacity 17839K, committed 17920K, reserved 1064960K
  class space    used 1917K, capacity 2014K, committed 2048K, reserved 1048576K
}
Event: 2.642 GC heap after
{Heap after GC invocations=4 (full 0):
 garbage-first heap   total 98304K, used 17408K [0x00000000a0c00000, 0x0000000100000000)
  region size 1024K, 5 young (5120K), 5 survivors (5120K)
 Metaspace       used 17652K, capacity 17839K, committed 17920K, reserved 1064960K
  class space    used 1917K, capacity 2014K, committed 2048K, reserved 1048576K
}
Event: 3.319 GC heap before
{Heap before GC invocations=4 (full 0):
 garbage-first heap   total 98304K, used 36864K [0x00000000a0c00000, 0x0000000100000000)
  region size 1024K, 25 young (25600K), 5 survivors (5120K)
 Metaspace       used 20919K, capacity 21127K, committed 21296K, reserved 1069056K
  class space    used 2345K, capacity 2402K, committed 2432K, reserved 1048576K
}
Event: 3.341 GC heap after
{Heap after GC invocations=5 (full 0):
 garbage-first heap   total 124928K, used 20100K [0x00000000a0c00000, 0x0000000100000000)
  region size 1024K, 3 young (3072K), 3 survivors (3072K)
 Metaspace       used 20919K, capacity 21127K, committed 21296K, reserved 1069056K
  class space    used 2345K, capacity 2402K, committed 2432K, reserved 1048576K
}
Event: 5.319 GC heap before
{Heap before GC invocations=6 (full 0):
 garbage-first heap   total 124928K, used 59012K [0x00000000a0c00000, 0x0000000100000000)
  region size 1024K, 42 young (43008K), 3 survivors (3072K)
 Metaspace       used 25477K, capacity 25792K, committed 26112K, reserved 1073152K
  class space    used 2873K, capacity 2986K, committed 3072K, reserved 1048576K
}
Event: 5.339 GC heap after
{Heap after GC invocations=7 (full 0):
 garbage-first heap   total 124928K, used 23243K [0x00000000a0c00000, 0x0000000100000000)
  region size 1024K, 6 young (6144K), 6 survivors (6144K)
 Metaspace       used 25477K, capacity 25792K, committed 26112K, reserved 1073152K
  class space    used 2873K, capacity 2986K, committed 3072K, reserved 1048576K
}

